This file contains any messages produced by compilers while
running configure, to aid debugging if configure makes a mistake.

It was created by FULL-PACKAGE-NAME configure VERSION, which was
generated by GNU Autoconf 2.65.  Invocation command line was

  $ ./configure --prefix=/usr/local/packages/pdf2image-0.53

## --------- ##
## Platform. ##
## --------- ##

hostname = Phyo-Wai-Wins-MacBook-Pro.local
uname -m = i386
uname -r = 10.8.0
uname -s = Darwin
uname -v = Darwin Kernel Version 10.8.0: Tue Jun  7 16:33:36 PDT 2011; root:xnu-1504.15.3~1/RELEASE_I386

/usr/bin/uname -p = i386
/bin/uname -X     = unknown

/bin/arch              = unknown
/usr/bin/arch -k       = unknown
/usr/convex/getsysinfo = unknown
/usr/bin/hostinfo      = Mach kernel version:
	 Darwin Kernel Version 10.8.0: Tue Jun  7 16:33:36 PDT 2011; root:xnu-1504.15.3~1/RELEASE_I386
Kernel configured for up to 2 processors.
2 processors are physically available.
2 processors are logically available.
Processor type: i486 (Intel 80486)
Processors active: 0 1
Primary memory available: 8.00 gigabytes
Default processor set: 128 tasks, 575 threads, 2 processors
Load average: 1.73, Mach factor: 0.75
/bin/machine           = unknown
/usr/bin/oslevel       = unknown
/bin/universe          = unknown

PATH: /Users/arthur/.rvm/bin
PATH: /Users/arthur/bin
PATH: /Users/arthur/opt/bin
PATH: /usr/local/bin
PATH: /usr/local/mongodb/mongodb-osx-x86_64-1.4.0/bin
PATH: /usr/bin
PATH: /bin
PATH: /usr/sbin
PATH: /sbin
PATH: /usr/X11/bin
PATH: /Users/arthur/Sites/web_apps/bash_scripts
PATH: /usr/local/texlive/2011/bin/universal-darwin


## ----------- ##
## Core tests. ##
## ----------- ##

configure:2245: checking for g++
configure:2261: found /usr/bin/g++
configure:2272: result: g++
configure:2299: checking for C++ compiler version
configure:2308: g++ --version >&5
i686-apple-darwin10-g++-4.2.1 (GCC) 4.2.1 (Apple Inc. build 5666) (dot 3)
Copyright (C) 2007 Free Software Foundation, Inc.
This is free software; see the source for copying conditions.  There is NO
warranty; not even for MERCHANTABILITY or FITNESS FOR A PARTICULAR PURPOSE.

configure:2319: $? = 0
configure:2308: g++ -v >&5
Using built-in specs.
Target: i686-apple-darwin10
Configured with: /var/tmp/gcc/gcc-5666.3~6/src/configure --disable-checking --enable-werror --prefix=/usr --mandir=/share/man --enable-languages=c,objc,c++,obj-c++ --program-transform-name=/^[cg][^.-]*$/s/$/-4.2/ --with-slibdir=/usr/lib --build=i686-apple-darwin10 --program-prefix=i686-apple-darwin10- --host=x86_64-apple-darwin10 --target=i686-apple-darwin10 --with-gxx-include-dir=/include/c++/4.2.1
Thread model: posix
gcc version 4.2.1 (Apple Inc. build 5666) (dot 3)
configure:2319: $? = 0
configure:2308: g++ -V >&5
g++-4.2: argument to `-V' is missing
configure:2319: $? = 1
configure:2308: g++ -qversion >&5
i686-apple-darwin10-g++-4.2.1: no input files
configure:2319: $? = 1
configure:2339: checking whether the C++ compiler works
configure:2361: g++    conftest.cpp  >&5
configure:2365: $? = 0
configure:2414: result: yes
configure:2417: checking for C++ compiler default output file name
configure:2419: result: a.out
configure:2425: checking for suffix of executables
configure:2432: g++ -o conftest    conftest.cpp  >&5
configure:2436: $? = 0
configure:2458: result: 
configure:2480: checking whether we are cross compiling
configure:2488: g++ -o conftest    conftest.cpp  >&5
configure:2492: $? = 0
configure:2499: ./conftest
configure:2503: $? = 0
configure:2518: result: no
configure:2523: checking for suffix of object files
configure:2545: g++ -c   conftest.cpp >&5
configure:2549: $? = 0
configure:2570: result: o
configure:2574: checking whether we are using the GNU C++ compiler
configure:2593: g++ -c   conftest.cpp >&5
configure:2593: $? = 0
configure:2602: result: yes
configure:2611: checking whether g++ accepts -g
configure:2631: g++ -c -g  conftest.cpp >&5
configure:2631: $? = 0
configure:2672: result: yes
configure:2743: checking for gcc
configure:2759: found /usr/bin/gcc
configure:2770: result: gcc
configure:2999: checking for C compiler version
configure:3008: gcc --version >&5
i686-apple-darwin10-gcc-4.2.1 (GCC) 4.2.1 (Apple Inc. build 5666) (dot 3)
Copyright (C) 2007 Free Software Foundation, Inc.
This is free software; see the source for copying conditions.  There is NO
warranty; not even for MERCHANTABILITY or FITNESS FOR A PARTICULAR PURPOSE.

configure:3019: $? = 0
configure:3008: gcc -v >&5
Using built-in specs.
Target: i686-apple-darwin10
Configured with: /var/tmp/gcc/gcc-5666.3~6/src/configure --disable-checking --enable-werror --prefix=/usr --mandir=/share/man --enable-languages=c,objc,c++,obj-c++ --program-transform-name=/^[cg][^.-]*$/s/$/-4.2/ --with-slibdir=/usr/lib --build=i686-apple-darwin10 --program-prefix=i686-apple-darwin10- --host=x86_64-apple-darwin10 --target=i686-apple-darwin10 --with-gxx-include-dir=/include/c++/4.2.1
Thread model: posix
gcc version 4.2.1 (Apple Inc. build 5666) (dot 3)
configure:3019: $? = 0
configure:3008: gcc -V >&5
gcc-4.2: argument to `-V' is missing
configure:3019: $? = 1
configure:3008: gcc -qversion >&5
i686-apple-darwin10-gcc-4.2.1: no input files
configure:3019: $? = 1
configure:3023: checking whether we are using the GNU C compiler
configure:3042: gcc -c   conftest.c >&5
configure:3042: $? = 0
configure:3051: result: yes
configure:3060: checking whether gcc accepts -g
configure:3080: gcc -c -g  conftest.c >&5
configure:3080: $? = 0
configure:3121: result: yes
configure:3138: checking for gcc option to accept ISO C89
configure:3202: gcc  -c -g -O2  conftest.c >&5
configure:3202: $? = 0
configure:3215: result: none needed
configure:3278: checking for ranlib
configure:3294: found /usr/bin/ranlib
configure:3305: result: ranlib
configure:3334: checking how to run the C preprocessor
configure:3365: gcc -E  conftest.c
configure:3365: $? = 0
configure:3379: gcc -E  conftest.c
conftest.c:9:28: error: ac_nonexistent.h: No such file or directory
configure:3379: $? = 1
configure: failed program was:
| /* confdefs.h */
| #define PACKAGE_NAME "FULL-PACKAGE-NAME"
| #define PACKAGE_TARNAME "full-package-name"
| #define PACKAGE_VERSION "VERSION"
| #define PACKAGE_STRING "FULL-PACKAGE-NAME VERSION"
| #define PACKAGE_BUGREPORT "BUG-REPORT-ADDRESS"
| #define PACKAGE_URL ""
| /* end confdefs.h.  */
| #include <ac_nonexistent.h>
configure:3404: result: gcc -E
configure:3424: gcc -E  conftest.c
configure:3424: $? = 0
configure:3438: gcc -E  conftest.c
conftest.c:9:28: error: ac_nonexistent.h: No such file or directory
configure:3438: $? = 1
configure: failed program was:
| /* confdefs.h */
| #define PACKAGE_NAME "FULL-PACKAGE-NAME"
| #define PACKAGE_TARNAME "full-package-name"
| #define PACKAGE_VERSION "VERSION"
| #define PACKAGE_STRING "FULL-PACKAGE-NAME VERSION"
| #define PACKAGE_BUGREPORT "BUG-REPORT-ADDRESS"
| #define PACKAGE_URL ""
| /* end confdefs.h.  */
| #include <ac_nonexistent.h>
configure:3467: checking for X
configure:3575: gcc -E  conftest.c
configure:3575: $? = 0
configure:3606: gcc -o conftest -g -O2   conftest.c -lX11  >&5
ld: library not found for -lX11
collect2: ld returned 1 exit status
configure:3606: $? = 1
configure: failed program was:
| /* confdefs.h */
| #define PACKAGE_NAME "FULL-PACKAGE-NAME"
| #define PACKAGE_TARNAME "full-package-name"
| #define PACKAGE_VERSION "VERSION"
| #define PACKAGE_STRING "FULL-PACKAGE-NAME VERSION"
| #define PACKAGE_BUGREPORT "BUG-REPORT-ADDRESS"
| #define PACKAGE_URL ""
| /* end confdefs.h.  */
| #include <X11/Xlib.h>
| int
| main ()
| {
| XrmInitialize ()
|   ;
|   return 0;
| }
configure:3656: result: libraries /usr/X11/lib, headers 
configure:3676: checking whether -R must be followed by a space
configure:3692: gcc -o conftest -g -O2   conftest.c  -R/usr/X11/lib >&5
configure:3692: $? = 0
configure:3693: result: no
configure:3755: gcc -o conftest -g -O2   conftest.c   -L/usr/X11/lib -R/usr/X11/lib -lX11 >&5
configure:3755: $? = 0
configure:3853: checking for gethostbyname
configure:3853: gcc -o conftest -g -O2   conftest.c  >&5
configure:3853: $? = 0
configure:3853: result: yes
configure:3950: checking for connect
configure:3950: gcc -o conftest -g -O2   conftest.c  >&5
configure:3950: $? = 0
configure:3950: result: yes
configure:3999: checking for remove
configure:3999: gcc -o conftest -g -O2   conftest.c  >&5
configure:3999: $? = 0
configure:3999: result: yes
configure:4048: checking for shmat
configure:4048: gcc -o conftest -g -O2   conftest.c  >&5
configure:4048: $? = 0
configure:4048: result: yes
configure:4106: checking for IceConnectionNumber in -lICE
configure:4131: gcc -o conftest -g -O2   -L/usr/X11/lib conftest.c -lICE   >&5
configure:4131: $? = 0
configure:4140: result: yes
configure:4153: checking for dirent.h that defines DIR
configure:4172: gcc -c -g -O2  conftest.c >&5
configure:4172: $? = 0
configure:4180: result: yes
configure:4194: checking for library containing opendir
configure:4225: gcc -o conftest -g -O2   conftest.c  >&5
configure:4225: $? = 0
configure:4242: result: none required
configure:4312: checking for main in -lGoo
configure:4331: gcc -o conftest -g -O2   conftest.c -lGoo   >&5
ld: library not found for -lGoo
collect2: ld returned 1 exit status
configure:4331: $? = 1
configure: failed program was:
| /* confdefs.h */
| #define PACKAGE_NAME "FULL-PACKAGE-NAME"
| #define PACKAGE_TARNAME "full-package-name"
| #define PACKAGE_VERSION "VERSION"
| #define PACKAGE_STRING "FULL-PACKAGE-NAME VERSION"
| #define PACKAGE_BUGREPORT "BUG-REPORT-ADDRESS"
| #define PACKAGE_URL ""
| #define HAVE_DIRENT_H 1
| /* end confdefs.h.  */
| 
| 
| int
| main ()
| {
| return main ();
|   ;
|   return 0;
| }
configure:4340: result: no
configure:4352: checking for main in -lX11
configure:4371: gcc -o conftest -g -O2   conftest.c -lX11   >&5
ld: library not found for -lX11
collect2: ld returned 1 exit status
configure:4371: $? = 1
configure: failed program was:
| /* confdefs.h */
| #define PACKAGE_NAME "FULL-PACKAGE-NAME"
| #define PACKAGE_TARNAME "full-package-name"
| #define PACKAGE_VERSION "VERSION"
| #define PACKAGE_STRING "FULL-PACKAGE-NAME VERSION"
| #define PACKAGE_BUGREPORT "BUG-REPORT-ADDRESS"
| #define PACKAGE_URL ""
| #define HAVE_DIRENT_H 1
| /* end confdefs.h.  */
| 
| 
| int
| main ()
| {
| return main ();
|   ;
|   return 0;
| }
configure:4380: result: no
configure:4392: checking for main in -lXpdf
configure:4411: gcc -o conftest -g -O2   conftest.c -lXpdf   >&5
ld: library not found for -lXpdf
collect2: ld returned 1 exit status
configure:4411: $? = 1
configure: failed program was:
| /* confdefs.h */
| #define PACKAGE_NAME "FULL-PACKAGE-NAME"
| #define PACKAGE_TARNAME "full-package-name"
| #define PACKAGE_VERSION "VERSION"
| #define PACKAGE_STRING "FULL-PACKAGE-NAME VERSION"
| #define PACKAGE_BUGREPORT "BUG-REPORT-ADDRESS"
| #define PACKAGE_URL ""
| #define HAVE_DIRENT_H 1
| /* end confdefs.h.  */
| 
| 
| int
| main ()
| {
| return main ();
|   ;
|   return 0;
| }
configure:4420: result: no
configure:4432: checking for main in -lfofi
configure:4451: gcc -o conftest -g -O2   conftest.c -lfofi   >&5
ld: library not found for -lfofi
collect2: ld returned 1 exit status
configure:4451: $? = 1
configure: failed program was:
| /* confdefs.h */
| #define PACKAGE_NAME "FULL-PACKAGE-NAME"
| #define PACKAGE_TARNAME "full-package-name"
| #define PACKAGE_VERSION "VERSION"
| #define PACKAGE_STRING "FULL-PACKAGE-NAME VERSION"
| #define PACKAGE_BUGREPORT "BUG-REPORT-ADDRESS"
| #define PACKAGE_URL ""
| #define HAVE_DIRENT_H 1
| /* end confdefs.h.  */
| 
| 
| int
| main ()
| {
| return main ();
|   ;
|   return 0;
| }
configure:4460: result: no
configure:4472: checking for main in -lfreetype
configure:4491: gcc -o conftest -g -O2   conftest.c -lfreetype   >&5
ld: library not found for -lfreetype
collect2: ld returned 1 exit status
configure:4491: $? = 1
configure: failed program was:
| /* confdefs.h */
| #define PACKAGE_NAME "FULL-PACKAGE-NAME"
| #define PACKAGE_TARNAME "full-package-name"
| #define PACKAGE_VERSION "VERSION"
| #define PACKAGE_STRING "FULL-PACKAGE-NAME VERSION"
| #define PACKAGE_BUGREPORT "BUG-REPORT-ADDRESS"
| #define PACKAGE_URL ""
| #define HAVE_DIRENT_H 1
| /* end confdefs.h.  */
| 
| 
| int
| main ()
| {
| return main ();
|   ;
|   return 0;
| }
configure:4500: result: no
configure:4512: checking for main in -lm
configure:4531: gcc -o conftest -g -O2   conftest.c -lm   >&5
configure:4531: $? = 0
configure:4540: result: yes
configure:4552: checking for main in -lsplash
configure:4571: gcc -o conftest -g -O2   conftest.c -lsplash  -lm  >&5
ld: library not found for -lsplash
collect2: ld returned 1 exit status
configure:4571: $? = 1
configure: failed program was:
| /* confdefs.h */
| #define PACKAGE_NAME "FULL-PACKAGE-NAME"
| #define PACKAGE_TARNAME "full-package-name"
| #define PACKAGE_VERSION "VERSION"
| #define PACKAGE_STRING "FULL-PACKAGE-NAME VERSION"
| #define PACKAGE_BUGREPORT "BUG-REPORT-ADDRESS"
| #define PACKAGE_URL ""
| #define HAVE_DIRENT_H 1
| #define HAVE_LIBM 1
| /* end confdefs.h.  */
| 
| 
| int
| main ()
| {
| return main ();
|   ;
|   return 0;
| }
configure:4580: result: no
configure:4593: checking for grep that handles long lines and -e
configure:4651: result: /usr/bin/grep
configure:4656: checking for egrep
configure:4718: result: /usr/bin/grep -E
configure:4723: checking for ANSI C header files
configure:4743: gcc -c -g -O2  conftest.c >&5
configure:4743: $? = 0
configure:4816: gcc -o conftest -g -O2   conftest.c -lm  >&5
configure:4816: $? = 0
configure:4816: ./conftest
configure:4816: $? = 0
configure:4827: result: yes
configure:4840: checking for sys/types.h
configure:4840: gcc -c -g -O2  conftest.c >&5
configure:4840: $? = 0
configure:4840: result: yes
configure:4840: checking for sys/stat.h
configure:4840: gcc -c -g -O2  conftest.c >&5
configure:4840: $? = 0
configure:4840: result: yes
configure:4840: checking for stdlib.h
configure:4840: gcc -c -g -O2  conftest.c >&5
configure:4840: $? = 0
configure:4840: result: yes
configure:4840: checking for string.h
configure:4840: gcc -c -g -O2  conftest.c >&5
configure:4840: $? = 0
configure:4840: result: yes
configure:4840: checking for memory.h
configure:4840: gcc -c -g -O2  conftest.c >&5
configure:4840: $? = 0
configure:4840: result: yes
configure:4840: checking for strings.h
configure:4840: gcc -c -g -O2  conftest.c >&5
configure:4840: $? = 0
configure:4840: result: yes
configure:4840: checking for inttypes.h
configure:4840: gcc -c -g -O2  conftest.c >&5
configure:4840: $? = 0
configure:4840: result: yes
configure:4840: checking for stdint.h
configure:4840: gcc -c -g -O2  conftest.c >&5
configure:4840: $? = 0
configure:4840: result: yes
configure:4840: checking for unistd.h
configure:4840: gcc -c -g -O2  conftest.c >&5
configure:4840: $? = 0
configure:4840: result: yes
configure:4856: checking fcntl.h usability
configure:4856: gcc -c -g -O2  conftest.c >&5
configure:4856: $? = 0
configure:4856: result: yes
configure:4856: checking fcntl.h presence
configure:4856: gcc -E  conftest.c
configure:4856: $? = 0
configure:4856: result: yes
configure:4856: checking for fcntl.h
configure:4856: result: yes
configure:4856: checking limits.h usability
configure:4856: gcc -c -g -O2  conftest.c >&5
configure:4856: $? = 0
configure:4856: result: yes
configure:4856: checking limits.h presence
configure:4856: gcc -E  conftest.c
configure:4856: $? = 0
configure:4856: result: yes
configure:4856: checking for limits.h
configure:4856: result: yes
configure:4856: checking stddef.h usability
configure:4856: gcc -c -g -O2  conftest.c >&5
configure:4856: $? = 0
configure:4856: result: yes
configure:4856: checking stddef.h presence
configure:4856: gcc -E  conftest.c
configure:4856: $? = 0
configure:4856: result: yes
configure:4856: checking for stddef.h
configure:4856: result: yes
configure:4856: checking for stdlib.h
configure:4856: result: yes
configure:4856: checking for string.h
configure:4856: result: yes
configure:4856: checking for unistd.h
configure:4856: result: yes
configure:4869: checking for stdbool.h that conforms to C99
configure:4954: gcc -c -g -O2  conftest.c >&5
configure:4954: $? = 0
configure:4961: result: yes
configure:4963: checking for _Bool
configure:4963: gcc -c -g -O2  conftest.c >&5
configure:4963: $? = 0
configure:4963: gcc -c -g -O2  conftest.c >&5
conftest.c: In function 'main':
conftest.c:63: error: expected expression before ')' token
configure:4963: $? = 1
configure: failed program was:
| /* confdefs.h */
| #define PACKAGE_NAME "FULL-PACKAGE-NAME"
| #define PACKAGE_TARNAME "full-package-name"
| #define PACKAGE_VERSION "VERSION"
| #define PACKAGE_STRING "FULL-PACKAGE-NAME VERSION"
| #define PACKAGE_BUGREPORT "BUG-REPORT-ADDRESS"
| #define PACKAGE_URL ""
| #define HAVE_DIRENT_H 1
| #define HAVE_LIBM 1
| #define STDC_HEADERS 1
| #define HAVE_SYS_TYPES_H 1
| #define HAVE_SYS_STAT_H 1
| #define HAVE_STDLIB_H 1
| #define HAVE_STRING_H 1
| #define HAVE_MEMORY_H 1
| #define HAVE_STRINGS_H 1
| #define HAVE_INTTYPES_H 1
| #define HAVE_STDINT_H 1
| #define HAVE_UNISTD_H 1
| #define HAVE_FCNTL_H 1
| #define HAVE_LIMITS_H 1
| #define HAVE_STDDEF_H 1
| #define HAVE_STDLIB_H 1
| #define HAVE_STRING_H 1
| #define HAVE_UNISTD_H 1
| /* end confdefs.h.  */
| #include <stdio.h>
| #ifdef HAVE_SYS_TYPES_H
| # include <sys/types.h>
| #endif
| #ifdef HAVE_SYS_STAT_H
| # include <sys/stat.h>
| #endif
| #ifdef STDC_HEADERS
| # include <stdlib.h>
| # include <stddef.h>
| #else
| # ifdef HAVE_STDLIB_H
| #  include <stdlib.h>
| # endif
| #endif
| #ifdef HAVE_STRING_H
| # if !defined STDC_HEADERS && defined HAVE_MEMORY_H
| #  include <memory.h>
| # endif
| # include <string.h>
| #endif
| #ifdef HAVE_STRINGS_H
| # include <strings.h>
| #endif
| #ifdef HAVE_INTTYPES_H
| # include <inttypes.h>
| #endif
| #ifdef HAVE_STDINT_H
| # include <stdint.h>
| #endif
| #ifdef HAVE_UNISTD_H
| # include <unistd.h>
| #endif
| int
| main ()
| {
| if (sizeof ((_Bool)))
| 	    return 0;
|   ;
|   return 0;
| }
configure:4963: result: yes
configure:4979: checking for inline
configure:4995: gcc -c -g -O2  conftest.c >&5
configure:4995: $? = 0
configure:5003: result: inline
configure:5021: checking for size_t
configure:5021: gcc -c -g -O2  conftest.c >&5
configure:5021: $? = 0
configure:5021: gcc -c -g -O2  conftest.c >&5
conftest.c: In function 'main':
conftest.c:65: error: expected expression before ')' token
configure:5021: $? = 1
configure: failed program was:
| /* confdefs.h */
| #define PACKAGE_NAME "FULL-PACKAGE-NAME"
| #define PACKAGE_TARNAME "full-package-name"
| #define PACKAGE_VERSION "VERSION"
| #define PACKAGE_STRING "FULL-PACKAGE-NAME VERSION"
| #define PACKAGE_BUGREPORT "BUG-REPORT-ADDRESS"
| #define PACKAGE_URL ""
| #define HAVE_DIRENT_H 1
| #define HAVE_LIBM 1
| #define STDC_HEADERS 1
| #define HAVE_SYS_TYPES_H 1
| #define HAVE_SYS_STAT_H 1
| #define HAVE_STDLIB_H 1
| #define HAVE_STRING_H 1
| #define HAVE_MEMORY_H 1
| #define HAVE_STRINGS_H 1
| #define HAVE_INTTYPES_H 1
| #define HAVE_STDINT_H 1
| #define HAVE_UNISTD_H 1
| #define HAVE_FCNTL_H 1
| #define HAVE_LIMITS_H 1
| #define HAVE_STDDEF_H 1
| #define HAVE_STDLIB_H 1
| #define HAVE_STRING_H 1
| #define HAVE_UNISTD_H 1
| #define HAVE__BOOL 1
| #define HAVE_STDBOOL_H 1
| /* end confdefs.h.  */
| #include <stdio.h>
| #ifdef HAVE_SYS_TYPES_H
| # include <sys/types.h>
| #endif
| #ifdef HAVE_SYS_STAT_H
| # include <sys/stat.h>
| #endif
| #ifdef STDC_HEADERS
| # include <stdlib.h>
| # include <stddef.h>
| #else
| # ifdef HAVE_STDLIB_H
| #  include <stdlib.h>
| # endif
| #endif
| #ifdef HAVE_STRING_H
| # if !defined STDC_HEADERS && defined HAVE_MEMORY_H
| #  include <memory.h>
| # endif
| # include <string.h>
| #endif
| #ifdef HAVE_STRINGS_H
| # include <strings.h>
| #endif
| #ifdef HAVE_INTTYPES_H
| # include <inttypes.h>
| #endif
| #ifdef HAVE_STDINT_H
| # include <stdint.h>
| #endif
| #ifdef HAVE_UNISTD_H
| # include <unistd.h>
| #endif
| int
| main ()
| {
| if (sizeof ((size_t)))
| 	    return 0;
|   ;
|   return 0;
| }
configure:5021: result: yes
configure:5049: checking for popen
configure:5049: gcc -o conftest -g -O2   conftest.c -lm  >&5
configure:5049: $? = 0
configure:5049: result: yes
configure:5058: checking for mkstemp
configure:5075: gcc -o conftest -g -O2   conftest.c -lm  >&5
configure:5075: $? = 0
configure:5083: result: yes
configure:5089: checking for mkstemps
configure:5106: gcc -o conftest -g -O2   conftest.c -lm  >&5
configure:5106: $? = 0
configure:5114: result: yes
configure:5122: checking for error_at_line
configure:5138: gcc -o conftest -g -O2   conftest.c -lm  >&5
conftest.c:33:19: error: error.h: No such file or directory
configure:5138: $? = 1
configure: failed program was:
| /* confdefs.h */
| #define PACKAGE_NAME "FULL-PACKAGE-NAME"
| #define PACKAGE_TARNAME "full-package-name"
| #define PACKAGE_VERSION "VERSION"
| #define PACKAGE_STRING "FULL-PACKAGE-NAME VERSION"
| #define PACKAGE_BUGREPORT "BUG-REPORT-ADDRESS"
| #define PACKAGE_URL ""
| #define HAVE_DIRENT_H 1
| #define HAVE_LIBM 1
| #define STDC_HEADERS 1
| #define HAVE_SYS_TYPES_H 1
| #define HAVE_SYS_STAT_H 1
| #define HAVE_STDLIB_H 1
| #define HAVE_STRING_H 1
| #define HAVE_MEMORY_H 1
| #define HAVE_STRINGS_H 1
| #define HAVE_INTTYPES_H 1
| #define HAVE_STDINT_H 1
| #define HAVE_UNISTD_H 1
| #define HAVE_FCNTL_H 1
| #define HAVE_LIMITS_H 1
| #define HAVE_STDDEF_H 1
| #define HAVE_STDLIB_H 1
| #define HAVE_STRING_H 1
| #define HAVE_UNISTD_H 1
| #define HAVE__BOOL 1
| #define HAVE_STDBOOL_H 1
| #define SYSTEM_XPDFRC "/usr/local/packages/pdf2image-0.53/etc/xpdfrc"
| #define HAVE_POPEN 1
| #define HAVE_MKSTEMP 1
| #define HAVE_MKSTEMPS 1
| /* end confdefs.h.  */
| #include <error.h>
| int
| main ()
| {
| error_at_line (0, 0, "", 0, "an error occurred");
|   ;
|   return 0;
| }
configure:5146: result: no
configure:5157: checking for _LARGEFILE_SOURCE value needed for large files
configure:5176: gcc -o conftest -g -O2   conftest.c -lm  >&5
configure:5176: $? = 0
configure:5204: result: no
configure:5227: checking for stdlib.h
configure:5227: result: yes
configure:5237: checking for GNU libc compatible malloc
configure:5261: gcc -o conftest -g -O2   conftest.c -lm  >&5
configure:5261: $? = 0
configure:5261: ./conftest
configure:5261: $? = 0
configure:5271: result: yes
configure:5292: checking whether time.h and sys/time.h may both be included
configure:5312: gcc -c -g -O2  conftest.c >&5
configure:5312: $? = 0
configure:5319: result: yes
configure:5333: checking for sys/time.h
configure:5333: gcc -c -g -O2  conftest.c >&5
configure:5333: $? = 0
configure:5333: result: yes
configure:5333: checking for unistd.h
configure:5333: result: yes
configure:5355: checking for alarm
configure:5355: gcc -o conftest -g -O2   conftest.c -lm  >&5
configure:5355: $? = 0
configure:5355: result: yes
configure:5369: checking for working mktime
configure:5574: gcc -o conftest -g -O2   conftest.c -lm  >&5
configure:5574: $? = 0
configure:5574: ./conftest
configure:5574: $? = 1
configure: program exited with status 1
configure: failed program was:
| /* confdefs.h */
| #define PACKAGE_NAME "FULL-PACKAGE-NAME"
| #define PACKAGE_TARNAME "full-package-name"
| #define PACKAGE_VERSION "VERSION"
| #define PACKAGE_STRING "FULL-PACKAGE-NAME VERSION"
| #define PACKAGE_BUGREPORT "BUG-REPORT-ADDRESS"
| #define PACKAGE_URL ""
| #define HAVE_DIRENT_H 1
| #define HAVE_LIBM 1
| #define STDC_HEADERS 1
| #define HAVE_SYS_TYPES_H 1
| #define HAVE_SYS_STAT_H 1
| #define HAVE_STDLIB_H 1
| #define HAVE_STRING_H 1
| #define HAVE_MEMORY_H 1
| #define HAVE_STRINGS_H 1
| #define HAVE_INTTYPES_H 1
| #define HAVE_STDINT_H 1
| #define HAVE_UNISTD_H 1
| #define HAVE_FCNTL_H 1
| #define HAVE_LIMITS_H 1
| #define HAVE_STDDEF_H 1
| #define HAVE_STDLIB_H 1
| #define HAVE_STRING_H 1
| #define HAVE_UNISTD_H 1
| #define HAVE__BOOL 1
| #define HAVE_STDBOOL_H 1
| #define SYSTEM_XPDFRC "/usr/local/packages/pdf2image-0.53/etc/xpdfrc"
| #define HAVE_POPEN 1
| #define HAVE_MKSTEMP 1
| #define HAVE_MKSTEMPS 1
| #define HAVE_FSEEKO 1
| #define HAVE_STDLIB_H 1
| #define HAVE_MALLOC 1
| #define TIME_WITH_SYS_TIME 1
| #define HAVE_SYS_TIME_H 1
| #define HAVE_UNISTD_H 1
| #define HAVE_ALARM 1
| /* end confdefs.h.  */
| /* Test program from Paul Eggert and Tony Leneis.  */
| #ifdef TIME_WITH_SYS_TIME
| # include <sys/time.h>
| # include <time.h>
| #else
| # ifdef HAVE_SYS_TIME_H
| #  include <sys/time.h>
| # else
| #  include <time.h>
| # endif
| #endif
| 
| #include <limits.h>
| #include <stdlib.h>
| 
| #ifdef HAVE_UNISTD_H
| # include <unistd.h>
| #endif
| 
| #ifndef HAVE_ALARM
| # define alarm(X) /* empty */
| #endif
| 
| /* Work around redefinition to rpl_putenv by other config tests.  */
| #undef putenv
| 
| static time_t time_t_max;
| static time_t time_t_min;
| 
| /* Values we'll use to set the TZ environment variable.  */
| static char *tz_strings[] = {
|   (char *) 0, "TZ=GMT0", "TZ=JST-9",
|   "TZ=EST+3EDT+2,M10.1.0/00:00:00,M2.3.0/00:00:00"
| };
| #define N_STRINGS (sizeof (tz_strings) / sizeof (tz_strings[0]))
| 
| /* Return 0 if mktime fails to convert a date in the spring-forward gap.
|    Based on a problem report from Andreas Jaeger.  */
| static int
| spring_forward_gap ()
| {
|   /* glibc (up to about 1998-10-07) failed this test. */
|   struct tm tm;
| 
|   /* Use the portable POSIX.1 specification "TZ=PST8PDT,M4.1.0,M10.5.0"
|      instead of "TZ=America/Vancouver" in order to detect the bug even
|      on systems that don't support the Olson extension, or don't have the
|      full zoneinfo tables installed.  */
|   putenv ("TZ=PST8PDT,M4.1.0,M10.5.0");
| 
|   tm.tm_year = 98;
|   tm.tm_mon = 3;
|   tm.tm_mday = 5;
|   tm.tm_hour = 2;
|   tm.tm_min = 0;
|   tm.tm_sec = 0;
|   tm.tm_isdst = -1;
|   return mktime (&tm) != (time_t) -1;
| }
| 
| static int
| mktime_test1 (now)
|      time_t now;
| {
|   struct tm *lt;
|   return ! (lt = localtime (&now)) || mktime (lt) == now;
| }
| 
| static int
| mktime_test (now)
|      time_t now;
| {
|   return (mktime_test1 (now)
| 	  && mktime_test1 ((time_t) (time_t_max - now))
| 	  && mktime_test1 ((time_t) (time_t_min + now)));
| }
| 
| static int
| irix_6_4_bug ()
| {
|   /* Based on code from Ariel Faigon.  */
|   struct tm tm;
|   tm.tm_year = 96;
|   tm.tm_mon = 3;
|   tm.tm_mday = 0;
|   tm.tm_hour = 0;
|   tm.tm_min = 0;
|   tm.tm_sec = 0;
|   tm.tm_isdst = -1;
|   mktime (&tm);
|   return tm.tm_mon == 2 && tm.tm_mday == 31;
| }
| 
| static int
| bigtime_test (j)
|      int j;
| {
|   struct tm tm;
|   time_t now;
|   tm.tm_year = tm.tm_mon = tm.tm_mday = tm.tm_hour = tm.tm_min = tm.tm_sec = j;
|   now = mktime (&tm);
|   if (now != (time_t) -1)
|     {
|       struct tm *lt = localtime (&now);
|       if (! (lt
| 	     && lt->tm_year == tm.tm_year
| 	     && lt->tm_mon == tm.tm_mon
| 	     && lt->tm_mday == tm.tm_mday
| 	     && lt->tm_hour == tm.tm_hour
| 	     && lt->tm_min == tm.tm_min
| 	     && lt->tm_sec == tm.tm_sec
| 	     && lt->tm_yday == tm.tm_yday
| 	     && lt->tm_wday == tm.tm_wday
| 	     && ((lt->tm_isdst < 0 ? -1 : 0 < lt->tm_isdst)
| 		  == (tm.tm_isdst < 0 ? -1 : 0 < tm.tm_isdst))))
| 	return 0;
|     }
|   return 1;
| }
| 
| static int
| year_2050_test ()
| {
|   /* The correct answer for 2050-02-01 00:00:00 in Pacific time,
|      ignoring leap seconds.  */
|   unsigned long int answer = 2527315200UL;
| 
|   struct tm tm;
|   time_t t;
|   tm.tm_year = 2050 - 1900;
|   tm.tm_mon = 2 - 1;
|   tm.tm_mday = 1;
|   tm.tm_hour = tm.tm_min = tm.tm_sec = 0;
|   tm.tm_isdst = -1;
| 
|   /* Use the portable POSIX.1 specification "TZ=PST8PDT,M4.1.0,M10.5.0"
|      instead of "TZ=America/Vancouver" in order to detect the bug even
|      on systems that don't support the Olson extension, or don't have the
|      full zoneinfo tables installed.  */
|   putenv ("TZ=PST8PDT,M4.1.0,M10.5.0");
| 
|   t = mktime (&tm);
| 
|   /* Check that the result is either a failure, or close enough
|      to the correct answer that we can assume the discrepancy is
|      due to leap seconds.  */
|   return (t == (time_t) -1
| 	  || (0 < t && answer - 120 <= t && t <= answer + 120));
| }
| 
| int
| main ()
| {
|   time_t t, delta;
|   int i, j;
| 
|   /* This test makes some buggy mktime implementations loop.
|      Give up after 60 seconds; a mktime slower than that
|      isn't worth using anyway.  */
|   alarm (60);
| 
|   for (;;)
|     {
|       t = (time_t_max << 1) + 1;
|       if (t <= time_t_max)
| 	break;
|       time_t_max = t;
|     }
|   time_t_min = - ((time_t) ~ (time_t) 0 == (time_t) -1) - time_t_max;
| 
|   delta = time_t_max / 997; /* a suitable prime number */
|   for (i = 0; i < N_STRINGS; i++)
|     {
|       if (tz_strings[i])
| 	putenv (tz_strings[i]);
| 
|       for (t = 0; t <= time_t_max - delta; t += delta)
| 	if (! mktime_test (t))
| 	  return 1;
|       if (! (mktime_test ((time_t) 1)
| 	     && mktime_test ((time_t) (60 * 60))
| 	     && mktime_test ((time_t) (60 * 60 * 24))))
| 	return 1;
| 
|       for (j = 1; ; j <<= 1)
| 	if (! bigtime_test (j))
| 	  return 1;
| 	else if (INT_MAX / 2 < j)
| 	  break;
|       if (! bigtime_test (INT_MAX))
| 	return 1;
|     }
|   return ! (irix_6_4_bug () && spring_forward_gap () && year_2050_test ());
| }
configure:5584: result: no
configure:5597: checking for stdlib.h
configure:5597: result: yes
configure:5607: checking for GNU libc compatible realloc
configure:5631: gcc -o conftest -g -O2   conftest.c -lm  >&5
configure:5631: $? = 0
configure:5631: ./conftest
configure:5631: $? = 0
configure:5641: result: yes
configure:5665: checking for floor
configure:5665: gcc -o conftest -g -O2   conftest.c -lm  >&5
conftest.c:65: warning: conflicting types for built-in function 'floor'
configure:5665: $? = 0
configure:5665: result: yes
configure:5665: checking for ftime
configure:5665: gcc -o conftest -g -O2   conftest.c -lm  >&5
configure:5665: $? = 0
configure:5665: result: yes
configure:5665: checking for getcwd
configure:5665: gcc -o conftest -g -O2   conftest.c -lm  >&5
configure:5665: $? = 0
configure:5665: result: yes
configure:5665: checking for gettimeofday
configure:5665: gcc -o conftest -g -O2   conftest.c -lm  >&5
configure:5665: $? = 0
configure:5665: result: yes
configure:5665: checking for memmove
configure:5665: gcc -o conftest -g -O2   conftest.c -lm  >&5
conftest.c:69: warning: conflicting types for built-in function 'memmove'
configure:5665: $? = 0
configure:5665: result: yes
configure:5665: checking for memset
configure:5665: gcc -o conftest -g -O2   conftest.c -lm  >&5
conftest.c:70: warning: conflicting types for built-in function 'memset'
configure:5665: $? = 0
configure:5665: result: yes
configure:5665: checking for pow
configure:5665: gcc -o conftest -g -O2   conftest.c -lm  >&5
conftest.c:71: warning: conflicting types for built-in function 'pow'
configure:5665: $? = 0
configure:5665: result: yes
configure:5665: checking for sqrt
configure:5665: gcc -o conftest -g -O2   conftest.c -lm  >&5
conftest.c:72: warning: conflicting types for built-in function 'sqrt'
configure:5665: $? = 0
configure:5665: result: yes
configure:5665: checking for strcasecmp
configure:5665: gcc -o conftest -g -O2   conftest.c -lm  >&5
conftest.c:73: warning: conflicting types for built-in function 'strcasecmp'
configure:5665: $? = 0
configure:5665: result: yes
configure:5665: checking for strchr
configure:5665: gcc -o conftest -g -O2   conftest.c -lm  >&5
conftest.c:74: warning: conflicting types for built-in function 'strchr'
configure:5665: $? = 0
configure:5665: result: yes
configure:5665: checking for strcspn
configure:5665: gcc -o conftest -g -O2   conftest.c -lm  >&5
conftest.c:75: warning: conflicting types for built-in function 'strcspn'
configure:5665: $? = 0
configure:5665: result: yes
configure:5665: checking for strrchr
configure:5665: gcc -o conftest -g -O2   conftest.c -lm  >&5
conftest.c:76: warning: conflicting types for built-in function 'strrchr'
configure:5665: $? = 0
configure:5665: result: yes
configure:5665: checking for strstr
configure:5665: gcc -o conftest -g -O2   conftest.c -lm  >&5
conftest.c:77: warning: conflicting types for built-in function 'strstr'
configure:5665: $? = 0
configure:5665: result: yes
configure:5780: creating ./config.status

## ---------------------- ##
## Running config.status. ##
## ---------------------- ##

This file was extended by FULL-PACKAGE-NAME config.status VERSION, which was
generated by GNU Autoconf 2.65.  Invocation command line was

  CONFIG_FILES    = 
  CONFIG_HEADERS  = 
  CONFIG_LINKS    = 
  CONFIG_COMMANDS = 
  $ ./config.status 

on Phyo-Wai-Wins-MacBook-Pro.local

config.status:850: creating Makefile
config.status:850: creating fofi/Makefile
config.status:850: creating goo/Makefile
config.status:850: creating splash/Makefile
config.status:850: creating src/Makefile
config.status:850: creating xpdf/Makefile
config.status:850: creating aconf.h

## ---------------- ##
## Cache variables. ##
## ---------------- ##

ac_cv_c_compiler_gnu=yes
ac_cv_c_inline=inline
ac_cv_cxx_compiler_gnu=yes
ac_cv_env_CCC_set=
ac_cv_env_CCC_value=
ac_cv_env_CC_set=
ac_cv_env_CC_value=
ac_cv_env_CFLAGS_set=
ac_cv_env_CFLAGS_value=
ac_cv_env_CPPFLAGS_set=
ac_cv_env_CPPFLAGS_value=
ac_cv_env_CPP_set=
ac_cv_env_CPP_value=
ac_cv_env_CXXFLAGS_set=
ac_cv_env_CXXFLAGS_value=
ac_cv_env_CXX_set=
ac_cv_env_CXX_value=
ac_cv_env_LDFLAGS_set=
ac_cv_env_LDFLAGS_value=
ac_cv_env_LIBS_set=
ac_cv_env_LIBS_value=
ac_cv_env_XMKMF_set=
ac_cv_env_XMKMF_value=
ac_cv_env_build_alias_set=
ac_cv_env_build_alias_value=
ac_cv_env_host_alias_set=
ac_cv_env_host_alias_value=
ac_cv_env_target_alias_set=
ac_cv_env_target_alias_value=
ac_cv_func_alarm=yes
ac_cv_func_connect=yes
ac_cv_func_floor=yes
ac_cv_func_ftime=yes
ac_cv_func_getcwd=yes
ac_cv_func_gethostbyname=yes
ac_cv_func_gettimeofday=yes
ac_cv_func_malloc_0_nonnull=yes
ac_cv_func_memmove=yes
ac_cv_func_memset=yes
ac_cv_func_popen=yes
ac_cv_func_pow=yes
ac_cv_func_realloc_0_nonnull=yes
ac_cv_func_remove=yes
ac_cv_func_shmat=yes
ac_cv_func_sqrt=yes
ac_cv_func_strcasecmp=yes
ac_cv_func_strchr=yes
ac_cv_func_strcspn=yes
ac_cv_func_strrchr=yes
ac_cv_func_strstr=yes
ac_cv_func_working_mktime=no
ac_cv_have_x='have_x=yes	ac_x_includes='\'''\''	ac_x_libraries='\''/usr/X11/lib'\'''
ac_cv_header_dirent_dirent_h=yes
ac_cv_header_fcntl_h=yes
ac_cv_header_inttypes_h=yes
ac_cv_header_limits_h=yes
ac_cv_header_memory_h=yes
ac_cv_header_stdbool_h=yes
ac_cv_header_stdc=yes
ac_cv_header_stddef_h=yes
ac_cv_header_stdint_h=yes
ac_cv_header_stdlib_h=yes
ac_cv_header_string_h=yes
ac_cv_header_strings_h=yes
ac_cv_header_sys_stat_h=yes
ac_cv_header_sys_time_h=yes
ac_cv_header_sys_types_h=yes
ac_cv_header_time=yes
ac_cv_header_unistd_h=yes
ac_cv_lib_Goo_main=no
ac_cv_lib_ICE_IceConnectionNumber=yes
ac_cv_lib_X11_main=no
ac_cv_lib_Xpdf_main=no
ac_cv_lib_error_at_line=no
ac_cv_lib_fofi_main=no
ac_cv_lib_freetype_main=no
ac_cv_lib_m_main=yes
ac_cv_lib_splash_main=no
ac_cv_objext=o
ac_cv_path_EGREP='/usr/bin/grep -E'
ac_cv_path_GREP=/usr/bin/grep
ac_cv_prog_CPP='gcc -E'
ac_cv_prog_ac_ct_CC=gcc
ac_cv_prog_ac_ct_CXX=g++
ac_cv_prog_ac_ct_RANLIB=ranlib
ac_cv_prog_cc_c89=
ac_cv_prog_cc_g=yes
ac_cv_prog_cxx_g=yes
ac_cv_search_opendir='none required'
ac_cv_sys_largefile_source=no
ac_cv_type__Bool=yes
ac_cv_type_size_t=yes
xpdf_cv_func_mkstemp=yes
xpdf_cv_func_mkstemps=yes

## ----------------- ##
## Output variables. ##
## ----------------- ##

CC='gcc'
CFLAGS='-g -O2'
CPP='gcc -E'
CPPFLAGS=''
CXX='g++'
CXXFLAGS='-g -O2'
DEFS='-DHAVE_CONFIG_H'
ECHO_C='\c'
ECHO_N=''
ECHO_T=''
EGREP='/usr/bin/grep -E'
EXEEXT=''
GREP='/usr/bin/grep'
LDFLAGS=''
LIBOBJS=' ${LIBOBJDIR}error$U.o ${LIBOBJDIR}mktime$U.o'
LIBS='-lm '
LTLIBOBJS=' ${LIBOBJDIR}error$U.lo ${LIBOBJDIR}mktime$U.lo'
OBJEXT='o'
PACKAGE_BUGREPORT='BUG-REPORT-ADDRESS'
PACKAGE_NAME='FULL-PACKAGE-NAME'
PACKAGE_STRING='FULL-PACKAGE-NAME VERSION'
PACKAGE_TARNAME='full-package-name'
PACKAGE_URL=''
PACKAGE_VERSION='VERSION'
PATH_SEPARATOR=':'
RANLIB='ranlib'
SHELL='/bin/sh'
XMKMF=''
X_CFLAGS=''
X_EXTRA_LIBS=''
X_LIBS=' -L/usr/X11/lib -R/usr/X11/lib'
X_PRE_LIBS=' -lSM -lICE'
ac_ct_CC='gcc'
ac_ct_CXX='g++'
bindir='${exec_prefix}/bin'
build_alias=''
datadir='${datarootdir}'
datarootdir='${prefix}/share'
docdir='${datarootdir}/doc/${PACKAGE_TARNAME}'
dvidir='${docdir}'
exec_prefix='${prefix}'
host_alias=''
htmldir='${docdir}'
includedir='${prefix}/include'
infodir='${datarootdir}/info'
libdir='${exec_prefix}/lib'
libexecdir='${exec_prefix}/libexec'
localedir='${datarootdir}/locale'
localstatedir='${prefix}/var'
mandir='${datarootdir}/man'
oldincludedir='/usr/include'
pdfdir='${docdir}'
prefix='/usr/local/packages/pdf2image-0.53'
program_transform_name='s,x,x,'
psdir='${docdir}'
sbindir='${exec_prefix}/sbin'
sharedstatedir='${prefix}/com'
sysconfdir='${prefix}/etc'
target_alias=''

## ----------- ##
## confdefs.h. ##
## ----------- ##

/* confdefs.h */
#define PACKAGE_NAME "FULL-PACKAGE-NAME"
#define PACKAGE_TARNAME "full-package-name"
#define PACKAGE_VERSION "VERSION"
#define PACKAGE_STRING "FULL-PACKAGE-NAME VERSION"
#define PACKAGE_BUGREPORT "BUG-REPORT-ADDRESS"
#define PACKAGE_URL ""
#define HAVE_DIRENT_H 1
#define HAVE_LIBM 1
#define STDC_HEADERS 1
#define HAVE_SYS_TYPES_H 1
#define HAVE_SYS_STAT_H 1
#define HAVE_STDLIB_H 1
#define HAVE_STRING_H 1
#define HAVE_MEMORY_H 1
#define HAVE_STRINGS_H 1
#define HAVE_INTTYPES_H 1
#define HAVE_STDINT_H 1
#define HAVE_UNISTD_H 1
#define HAVE_FCNTL_H 1
#define HAVE_LIMITS_H 1
#define HAVE_STDDEF_H 1
#define HAVE_STDLIB_H 1
#define HAVE_STRING_H 1
#define HAVE_UNISTD_H 1
#define HAVE__BOOL 1
#define HAVE_STDBOOL_H 1
#define SYSTEM_XPDFRC "/usr/local/packages/pdf2image-0.53/etc/xpdfrc"
#define HAVE_POPEN 1
#define HAVE_MKSTEMP 1
#define HAVE_MKSTEMPS 1
#define HAVE_FSEEKO 1
#define HAVE_STDLIB_H 1
#define HAVE_MALLOC 1
#define TIME_WITH_SYS_TIME 1
#define HAVE_SYS_TIME_H 1
#define HAVE_UNISTD_H 1
#define HAVE_ALARM 1
#define HAVE_STDLIB_H 1
#define HAVE_REALLOC 1
#define HAVE_FLOOR 1
#define HAVE_FTIME 1
#define HAVE_GETCWD 1
#define HAVE_GETTIMEOFDAY 1
#define HAVE_MEMMOVE 1
#define HAVE_MEMSET 1
#define HAVE_POW 1
#define HAVE_SQRT 1
#define HAVE_STRCASECMP 1
#define HAVE_STRCHR 1
#define HAVE_STRCSPN 1
#define HAVE_STRRCHR 1
#define HAVE_STRSTR 1

configure: exit 0
